#
# A fatal error has been detected by the Java Runtime Environment:
#
#  Internal Error (signature.cpp:350), pid=40828, tid=0x0000000000004803
#  Error: ShouldNotReachHere()
#
# JRE version: OpenJDK Runtime Environment (8.0_242) (build 1.8.0_242-release-1644-b3-6915495)
# Java VM: OpenJDK 64-Bit Server VM (25.242-b3-6915495 mixed mode bsd-amd64 compressed oops)
# Failed to write core dump. Core dumps have been disabled. To enable core dumping, try "ulimit -c unlimited" before starting Java again
#
# If you would like to submit a bug report, please visit:
#   http://bugreport.java.com/bugreport/crash.jsp
#

---------------  T H R E A D  ---------------

Current thread (0x00007f85fc050000):  JavaThread "C2 CompilerThread0" daemon [_thread_in_vm, id=18435, stack(0x000070000ef24000,0x000070000f024000)]

Stack: [0x000070000ef24000,0x000070000f024000],  sp=0x000070000f021220,  free space=1012k
Native frames: (J=compiled Java code, j=interpreted, Vv=VM code, C=native code)
V  [libjvm.dylib+0x56516a]
V  [libjvm.dylib+0x1d1ac3]
V  [libjvm.dylib+0x4cf121]
V  [libjvm.dylib+0x16022b]
V  [libjvm.dylib+0x153841]
V  [libjvm.dylib+0x15eebe]
V  [libjvm.dylib+0x15e589]
V  [libjvm.dylib+0x14bbb4]
V  [libjvm.dylib+0x14bd60]
V  [libjvm.dylib+0x1621c5]
V  [libjvm.dylib+0x1663fc]
V  [libjvm.dylib+0x166a9b]
V  [libjvm.dylib+0x165c66]
V  [libjvm.dylib+0x168f32]
V  [libjvm.dylib+0x16916f]
V  [libjvm.dylib+0x16947a]
V  [libjvm.dylib+0x15472e]
V  [libjvm.dylib+0xcce63]
V  [libjvm.dylib+0xccf86]
V  [libjvm.dylib+0x21ea1d]
V  [libjvm.dylib+0x21f19f]
V  [libjvm.dylib+0x474531]
V  [libjvm.dylib+0x473b04]
V  [libjvm.dylib+0x472921]
V  [libjvm.dylib+0x137192]
V  [libjvm.dylib+0x21f230]
V  [libjvm.dylib+0x474531]
V  [libjvm.dylib+0x473b04]
V  [libjvm.dylib+0x472921]
V  [libjvm.dylib+0x137192]
V  [libjvm.dylib+0x21f230]
V  [libjvm.dylib+0x474531]
V  [libjvm.dylib+0x473b04]
V  [libjvm.dylib+0x472921]
V  [libjvm.dylib+0x137192]
V  [libjvm.dylib+0x197a0f]
V  [libjvm.dylib+0x136b98]
V  [libjvm.dylib+0x1a3372]
V  [libjvm.dylib+0x1a2882]
V  [libjvm.dylib+0x527e84]
V  [libjvm.dylib+0x527d49]
V  [libjvm.dylib+0x45b9eb]
C  [libsystem_pthread.dylib+0x32eb]  _pthread_body+0x7e
C  [libsystem_pthread.dylib+0x6249]  _pthread_start+0x42
C  [libsystem_pthread.dylib+0x240d]  thread_start+0xd
C  0x0000000000000000


Current CompileTask:
C2:3915953 33214       4       org.gradle.api.internal.artifacts.ivyservice.ivyresolve.RepositoryChainComponentMetaDataResolver::resolve (28 bytes)


---------------  P R O C E S S  ---------------

Java Threads: ( => current thread )
  0x00007f86028bc800 JavaThread "Cache worker for cache directory md-rule (/Users/ebrodriguezb/.gradle/caches/6.5/md-rule)" [_thread_blocked, id=53295, stack(0x0000700010463000,0x0000700010563000)]
  0x00007f85fdd0c800 JavaThread "Cache worker for cache directory md-supplier (/Users/ebrodriguezb/.gradle/caches/6.5/md-supplier)" [_thread_blocked, id=128059, stack(0x0000700010360000,0x0000700010460000)]
  0x00007f85fbe9a800 JavaThread "Cache worker for checksums cache (/Users/ebrodriguezb/Downloads/FinalProject/BindingDemo1/.gradle/checksums)" [_thread_blocked, id=49211, stack(0x000070001025d000,0x000070001035d000)]
  0x00007f85fcbb4000 JavaThread "Cache worker for file hash cache (/Users/ebrodriguezb/Downloads/FinalProject/BindingDemo1/.gradle/6.5/fileHashes)" [_thread_blocked, id=85543, stack(0x000070001015a000,0x000070001025a000)]
  0x00007f85fdf2c000 JavaThread "Thread-1622" [_thread_blocked, id=63531, stack(0x000070000fd4e000,0x000070000fe4e000)]
  0x00007f85fdc19800 JavaThread "Stdin handler" [_thread_blocked, id=54059, stack(0x000070000fc4b000,0x000070000fd4b000)]
  0x00007f860089e800 JavaThread "Asynchronous log dispatcher for DefaultDaemonConnection: socket connection from /127.0.0.1:53431 to /127.0.0.1:55556" [_thread_blocked, id=33319, stack(0x000070000fb48000,0x000070000fc48000)]
  0x00007f85fdf42800 JavaThread "Daemon worker Thread 12" [_thread_blocked, id=74543, stack(0x000070000fa45000,0x000070000fb45000)]
  0x00007f8602aaf800 JavaThread "Cancel handler" [_thread_blocked, id=33843, stack(0x000070000f942000,0x000070000fa42000)]
  0x00007f8600ff0000 JavaThread "Handler for socket connection from /127.0.0.1:53431 to /127.0.0.1:55556" [_thread_in_native, id=42539, stack(0x000070000f83f000,0x000070000f93f000)]
  0x00007f8600edf800 JavaThread "Daemon Thread 12" [_thread_blocked, id=54847, stack(0x000070000f73c000,0x000070000f83c000)]
  0x00007f86028db800 JavaThread "RMI RenewClean-[127.0.0.1:17288,org.jetbrains.kotlin.daemon.common.LoopbackNetworkInterface$ClientLoopbackSocketFactory@200dfcd2]" daemon [_thread_blocked, id=121095, stack(0x0000700018cf8000,0x0000700018df8000)]
  0x00007f8608bf6800 JavaThread "Cache worker for Java compile cache (/Users/ebrodriguezb/.gradle/caches/6.5/javaCompile)" [_thread_blocked, id=93443, stack(0x000070001930a000,0x000070001940a000)]
  0x00007f85fbd34000 JavaThread "RMI Reaper" [_thread_blocked, id=128779, stack(0x0000700018af2000,0x0000700018bf2000)]
  0x00007f85fb929800 JavaThread "RMI TCP Accept-0" daemon [_thread_in_native, id=89351, stack(0x00007000189ef000,0x0000700018aef000)]
  0x00007f86044a6000 JavaThread "GC Daemon" daemon [_thread_blocked, id=127495, stack(0x00007000188ec000,0x00007000189ec000)]
  0x00007f8600deb000 JavaThread "RMI Scheduler(0)" daemon [_thread_blocked, id=19475, stack(0x00007000186e6000,0x00007000187e6000)]
  0x00007f8603ff3800 JavaThread "process reaper" daemon [_thread_in_native, id=125703, stack(0x000070000e586000,0x000070000e5ae000)]
  0x00007f85fcb5f800 JavaThread "Memory manager" [_thread_blocked, id=129799, stack(0x00007000180d4000,0x00007000181d4000)]
  0x00007f85fc845000 JavaThread "Cache worker for file content cache (/Users/ebrodriguezb/.gradle/caches/6.5/fileContent)" [_thread_blocked, id=32771, stack(0x0000700011aa5000,0x0000700011ba5000)]
  0x00007f85fe76c800 JavaThread "Cache worker for execution history cache (/Users/ebrodriguezb/.gradle/caches/6.5/executionHistory)" [_thread_blocked, id=27651, stack(0x00007000119a2000,0x0000700011aa2000)]
  0x00007f85fcc08800 JavaThread "Cache worker for file hash cache (/Users/ebrodriguezb/.gradle/caches/6.5/fileHashes)" [_thread_blocked, id=40963, stack(0x0000700010057000,0x0000700010157000)]
  0x00007f85fc482800 JavaThread "File lock request listener" [_thread_in_native, id=41219, stack(0x000070000ff54000,0x0000700010054000)]
  0x00007f85fca67000 JavaThread "Cache worker for journal cache (/Users/ebrodriguezb/.gradle/caches/journal-1)" [_thread_blocked, id=41731, stack(0x000070000fe51000,0x000070000ff51000)]
  0x00007f85fb847800 JavaThread "Daemon periodic checks" [_thread_blocked, id=16643, stack(0x000070000f639000,0x000070000f739000)]
  0x00007f85fc594000 JavaThread "Incoming local TCP Connector on port 53431" [_thread_in_native, id=14851, stack(0x000070000f536000,0x000070000f636000)]
  0x00007f85fc349000 JavaThread "Daemon health stats" [_thread_blocked, id=16899, stack(0x000070000f433000,0x000070000f533000)]
  0x00007f85fc099000 JavaThread "Service Thread" daemon [_thread_blocked, id=14083, stack(0x000070000f22d000,0x000070000f32d000)]
  0x00007f85fc060000 JavaThread "C1 CompilerThread2" daemon [_thread_blocked, id=17667, stack(0x000070000f12a000,0x000070000f22a000)]
  0x00007f85fc81f000 JavaThread "C2 CompilerThread1" daemon [_thread_in_vm, id=17923, stack(0x000070000f027000,0x000070000f127000)]
=>0x00007f85fc050000 JavaThread "C2 CompilerThread0" daemon [_thread_in_vm, id=18435, stack(0x000070000ef24000,0x000070000f024000)]
  0x00007f85fc04e800 JavaThread "Signal Dispatcher" daemon [_thread_blocked, id=18691, stack(0x000070000ee21000,0x000070000ef21000)]
  0x00007f85fc04c800 JavaThread "Finalizer" daemon [_thread_blocked, id=20739, stack(0x000070000ed1e000,0x000070000ee1e000)]
  0x00007f85fc049800 JavaThread "Reference Handler" daemon [_thread_blocked, id=20995, stack(0x000070000ec1b000,0x000070000ed1b000)]
  0x00007f85fc802000 JavaThread "main" [_thread_blocked, id=9731, stack(0x000070000e609000,0x000070000e709000)]

Other Threads:
  0x00007f85fc043000 VMThread [stack: 0x000070000eb18000,0x000070000ec18000] [id=11779]
  0x00007f85fc051800 WatcherThread [stack: 0x000070000f330000,0x000070000f430000] [id=17155]

VM state:synchronizing (normal execution)

VM Mutex/Monitor currently owned by a thread:  ([mutex/lock_event])
[0x00007f85fb602720] Threads_lock - owner thread: 0x00007f85fc043000

heap address: 0x0000000760000000, size: 1536 MB, Compressed Oops mode: Zero based, Oop shift amount: 3
Narrow klass base: 0x0000000000000000, Narrow klass shift: 3
Compressed class space size: 1073741824 Address: 0x00000007c0000000

Heap:
 PSYoungGen      total 346624K, used 196170K [0x00000007a0000000, 0x00000007bb500000, 0x00000007c0000000)
  eden space 277504K, 59% used [0x00000007a0000000,0x00000007aa247f70,0x00000007b0f00000)
  from space 69120K, 43% used [0x00000007b7180000,0x00000007b8eca8b0,0x00000007bb500000)
  to   space 84992K, 0% used [0x00000007b0f00000,0x00000007b0f00000,0x00000007b6200000)
 ParOldGen       total 354304K, used 246902K [0x0000000760000000, 0x0000000775a00000, 0x00000007a0000000)
  object space 354304K, 69% used [0x0000000760000000,0x000000076f11dba0,0x0000000775a00000)
 Metaspace       used 168365K, capacity 179548K, committed 179672K, reserved 1206272K
  class space    used 21249K, capacity 23208K, committed 23256K, reserved 1048576K

Card table byte_map: [0x000000010a878000,0x000000010ab79000] byte_map_base: 0x0000000106d78000

Marking Bits: (ParMarkBitMap*) 0x0000000109e273f8
 Begin Bits: [0x000000011ba86000, 0x000000011d286000)
 End Bits:   [0x000000011d286000, 0x000000011ea86000)

Polling page: 0x0000000108d2d000

CodeCache: size=245760Kb used=88685Kb max_used=89613Kb free=157074Kb
 bounds [0x000000010ca86000, 0x00000001122b6000, 0x000000011ba86000]
 total_blobs=26499 nmethods=25541 adapters=870
 compilation: enabled

Compilation events (10 events):
Event: 3914.949 Thread 0x00007f85fc060000 nmethod 33209 0x00000001101bbf90 code [0x00000001101bc160, 0x00000001101bc868]
Event: 3914.949 Thread 0x00007f85fc060000 33210       3       org.gradle.api.internal.artifacts.repositories.AuthenticationSupporter::populateAuthenticationCredentials (46 bytes)
Event: 3914.949 Thread 0x00007f85fc060000 nmethod 33210 0x0000000111fc3a50 code [0x0000000111fc3c20, 0x0000000111fc4398]
Event: 3914.949 Thread 0x00007f85fc060000 33211       3       org.gradle.api.internal.artifacts.repositories.DefaultMavenArtifactRepository_Decorated::getArtifactUrls (39 bytes)
Event: 3914.949 Thread 0x00007f85fc060000 nmethod 33211 0x0000000111fa3590 code [0x0000000111fa3780, 0x0000000111fa3f08]
Event: 3914.949 Thread 0x00007f85fc060000 33212       3       org.gradle.api.internal.artifacts.repositories.DefaultMavenArtifactRepository::getArtifactUrls (56 bytes)
Event: 3914.950 Thread 0x00007f85fc060000 nmethod 33212 0x000000010eac6510 code [0x000000010eac6740, 0x000000010eac71f8]
Event: 3914.951 Thread 0x00007f85fc050000 nmethod 33204 0x0000000111fcee50 code [0x0000000111fcf020, 0x0000000111fcf7d8]
Event: 3915.355 Thread 0x00007f85fc81f000 33213       4       org.gradle.api.internal.artifacts.ivyservice.ivyresolve.RepositoryChainComponentMetaDataResolver::resolveModule (277 bytes)
Event: 3915.379 Thread 0x00007f85fc050000 33214       4       org.gradle.api.internal.artifacts.ivyservice.ivyresolve.RepositoryChainComponentMetaDataResolver::resolve (28 bytes)

GC Heap History (10 events):
Event: 2563.887 GC heap before
{Heap before GC invocations=41 (full 5):
 PSYoungGen      total 453632K, used 453627K [0x00000007a0000000, 0x00000007c0000000, 0x00000007c0000000)
  eden space 382976K, 100% used [0x00000007a0000000,0x00000007b7600000,0x00000007b7600000)
  from space 70656K, 99% used [0x00000007b7600000,0x00000007bbafecc8,0x00000007bbb00000)
  to   space 70656K, 0% used [0x00000007bbb00000,0x00000007bbb00000,0x00000007c0000000)
 ParOldGen       total 354304K, used 218737K [0x0000000760000000, 0x0000000775a00000, 0x00000007a0000000)
  object space 354304K, 61% used [0x0000000760000000,0x000000076d59c540,0x0000000775a00000)
 Metaspace       used 149698K, capacity 157288K, committed 157656K, reserved 1185792K
  class space    used 18942K, capacity 20280K, committed 20440K, reserved 1048576K
Event: 2564.043 GC heap after
Heap after GC invocations=41 (full 5):
 PSYoungGen      total 390144K, used 61295K [0x00000007a0000000, 0x00000007c0000000, 0x00000007c0000000)
  eden space 319488K, 0% used [0x00000007a0000000,0x00000007a0000000,0x00000007b3800000)
  from space 70656K, 86% used [0x00000007bbb00000,0x00000007bf6dbf40,0x00000007c0000000)
  to   space 102400K, 0% used [0x00000007b3800000,0x00000007b3800000,0x00000007b9c00000)
 ParOldGen       total 354304K, used 246870K [0x0000000760000000, 0x0000000775a00000, 0x00000007a0000000)
  object space 354304K, 69% used [0x0000000760000000,0x000000076f115ba0,0x0000000775a00000)
 Metaspace       used 149698K, capacity 157288K, committed 157656K, reserved 1185792K
  class space    used 18942K, capacity 20280K, committed 20440K, reserved 1048576K
}
Event: 2759.461 GC heap before
{Heap before GC invocations=42 (full 5):
 PSYoungGen      total 390144K, used 380783K [0x00000007a0000000, 0x00000007c0000000, 0x00000007c0000000)
  eden space 319488K, 100% used [0x00000007a0000000,0x00000007b3800000,0x00000007b3800000)
  from space 70656K, 86% used [0x00000007bbb00000,0x00000007bf6dbf40,0x00000007c0000000)
  to   space 102400K, 0% used [0x00000007b3800000,0x00000007b3800000,0x00000007b9c00000)
 ParOldGen       total 354304K, used 246870K [0x0000000760000000, 0x0000000775a00000, 0x00000007a0000000)
  object space 354304K, 69% used [0x0000000760000000,0x000000076f115ba0,0x0000000775a00000)
 Metaspace       used 159618K, capacity 167922K, committed 168024K, reserved 1196032K
  class space    used 20115K, capacity 21571K, committed 21592K, reserved 1048576K
Event: 2759.479 GC heap after
Heap after GC invocations=42 (full 5):
 PSYoungGen      total 329728K, used 21378K [0x00000007a0000000, 0x00000007bed00000, 0x00000007c0000000)
  eden space 308224K, 0% used [0x00000007a0000000,0x00000007a0000000,0x00000007b2d00000)
  from space 21504K, 99% used [0x00000007b3800000,0x00000007b4ce0878,0x00000007b4d00000)
  to   space 98304K, 0% used [0x00000007b8d00000,0x00000007b8d00000,0x00000007bed00000)
 ParOldGen       total 354304K, used 246878K [0x0000000760000000, 0x0000000775a00000, 0x00000007a0000000)
  object space 354304K, 69% used [0x0000000760000000,0x000000076f117ba0,0x0000000775a00000)
 Metaspace       used 159618K, capacity 167922K, committed 168024K, reserved 1196032K
  class space    used 20115K, capacity 21571K, committed 21592K, reserved 1048576K
}
Event: 3092.699 GC heap before
{Heap before GC invocations=43 (full 5):
 PSYoungGen      total 329728K, used 329602K [0x00000007a0000000, 0x00000007bed00000, 0x00000007c0000000)
  eden space 308224K, 100% used [0x00000007a0000000,0x00000007b2d00000,0x00000007b2d00000)
  from space 21504K, 99% used [0x00000007b3800000,0x00000007b4ce0878,0x00000007b4d00000)
  to   space 98304K, 0% used [0x00000007b8d00000,0x00000007b8d00000,0x00000007bed00000)
 ParOldGen       total 354304K, used 246878K [0x0000000760000000, 0x0000000775a00000, 0x00000007a0000000)
  object space 354304K, 69% used [0x0000000760000000,0x000000076f117ba0,0x0000000775a00000)
 Metaspace       used 161842K, capacity 170812K, committed 171096K, reserved 1198080K
  class space    used 20405K, capacity 22004K, committed 22104K, reserved 1048576K
Event: 3092.744 GC heap after
Heap after GC invocations=43 (full 5):
 PSYoungGen      total 378880K, used 12939K [0x00000007a0000000, 0x00000007bdc80000, 0x00000007c0000000)
  eden space 297472K, 0% used [0x00000007a0000000,0x00000007a0000000,0x00000007b2280000)
  from space 81408K, 15% used [0x00000007b8d00000,0x00000007b99a2e98,0x00000007bdc80000)
  to   space 95232K, 0% used [0x00000007b2280000,0x00000007b2280000,0x00000007b7f80000)
 ParOldGen       total 354304K, used 246886K [0x0000000760000000, 0x0000000775a00000, 0x00000007a0000000)
  object space 354304K, 69% used [0x0000000760000000,0x000000076f119ba0,0x0000000775a00000)
 Metaspace       used 161842K, capacity 170812K, committed 171096K, reserved 1198080K
  class space    used 20405K, capacity 22004K, committed 22104K, reserved 1048576K
}
Event: 3142.025 GC heap before
{Heap before GC invocations=44 (full 5):
 PSYoungGen      total 378880K, used 310411K [0x00000007a0000000, 0x00000007bdc80000, 0x00000007c0000000)
  eden space 297472K, 100% used [0x00000007a0000000,0x00000007b2280000,0x00000007b2280000)
  from space 81408K, 15% used [0x00000007b8d00000,0x00000007b99a2e98,0x00000007bdc80000)
  to   space 95232K, 0% used [0x00000007b2280000,0x00000007b2280000,0x00000007b7f80000)
 ParOldGen       total 354304K, used 246886K [0x0000000760000000, 0x0000000775a00000, 0x00000007a0000000)
  object space 354304K, 69% used [0x0000000760000000,0x000000076f119ba0,0x0000000775a00000)
 Metaspace       used 162714K, capacity 171982K, committed 172248K, reserved 1200128K
  class space    used 20469K, capacity 22142K, committed 22232K, reserved 1048576K
Event: 3142.046 GC heap after
Heap after GC invocations=44 (full 5):
 PSYoungGen      total 306688K, used 18995K [0x00000007a0000000, 0x00000007bca80000, 0x00000007c0000000)
  eden space 287232K, 0% used [0x00000007a0000000,0x00000007a0000000,0x00000007b1880000)
  from space 19456K, 97% used [0x00000007b2280000,0x00000007b350cc20,0x00000007b3580000)
  to   space 91136K, 0% used [0x00000007b7180000,0x00000007b7180000,0x00000007bca80000)
 ParOldGen       total 354304K, used 246894K [0x0000000760000000, 0x0000000775a00000, 0x00000007a0000000)
  object space 354304K, 69% used [0x0000000760000000,0x000000076f11bba0,0x0000000775a00000)
 Metaspace       used 162714K, capacity 171982K, committed 172248K, reserved 1200128K
  class space    used 20469K, capacity 22142K, committed 22232K, reserved 1048576K
}
Event: 3724.185 GC heap before
{Heap before GC invocations=45 (full 5):
 PSYoungGen      total 306688K, used 306227K [0x00000007a0000000, 0x00000007bca80000, 0x00000007c0000000)
  eden space 287232K, 100% used [0x00000007a0000000,0x00000007b1880000,0x00000007b1880000)
  from space 19456K, 97% used [0x00000007b2280000,0x00000007b350cc20,0x00000007b3580000)
  to   space 91136K, 0% used [0x00000007b7180000,0x00000007b7180000,0x00000007bca80000)
 ParOldGen       total 354304K, used 246894K [0x0000000760000000, 0x0000000775a00000, 0x00000007a0000000)
  object space 354304K, 69% used [0x0000000760000000,0x000000076f11bba0,0x0000000775a00000)
 Metaspace       used 166527K, capacity 177602K, committed 177880K, reserved 1204224K
  class space    used 21006K, capacity 22935K, committed 23000K, reserved 1048576K
Event: 3724.295 GC heap after
Heap after GC invocations=45 (full 5):
 PSYoungGen      total 346624K, used 29994K [0x00000007a0000000, 0x00000007bb500000, 0x00000007c0000000)
  eden space 277504K, 0% used [0x00000007a0000000,0x00000007a0000000,0x00000007b0f00000)
  from space 69120K, 43% used [0x00000007b7180000,0x00000007b8eca8b0,0x00000007bb500000)
  to   space 84992K, 0% used [0x00000007b0f00000,0x00000007b0f00000,0x00000007b6200000)
 ParOldGen       total 354304K, used 246902K [0x0000000760000000, 0x0000000775a00000, 0x00000007a0000000)
  object space 354304K, 69% used [0x0000000760000000,0x000000076f11dba0,0x0000000775a00000)
 Metaspace       used 166527K, capacity 177602K, committed 177880K, reserved 1204224K
  class space    used 21006K, capacity 22935K, committed 23000K, reserved 1048576K
}

Deoptimization events (10 events):
Event: 3737.075 Thread 0x00007f85fdf48800 Uncommon trap: reason=unstable_if action=reinterpret pc=0x00000001101025ac method=org.gradle.internal.operations.DefaultBuildOperationExecutor$3.stop()V @ 61
Event: 3737.075 Thread 0x00007f85fdf48800 Uncommon trap: reason=unstable_if action=reinterpret pc=0x000000010d02ffd0 method=org.gradle.internal.operations.DefaultBuildOperationExecutor$1.execute(Lorg/gradle/internal/operations/BuildOperationDescriptor;Lorg/gradle/internal/operations/DefaultBuildO
Event: 3737.080 Thread 0x00007f85fdf48800 Uncommon trap: reason=unstable_if action=reinterpret pc=0x000000010fc3c1c4 method=org.gradle.execution.plan.Node.isComplete()Z @ 17
Event: 3737.142 Thread 0x00007f85fdf48800 Uncommon trap: reason=bimorphic action=maybe_recompile pc=0x000000010fa01ae0 method=org.gradle.internal.logging.text.AbstractStyledTextOutput.text(Ljava/lang/Object;)Lorg/gradle/internal/logging/text/StyledTextOutput; @ 11
Event: 3737.150 Thread 0x00007f85fdf48800 Uncommon trap: reason=unstable_if action=reinterpret pc=0x000000010fe044a0 method=org.gradle.internal.serialize.ExceptionReplacingObjectOutputStream.doReplaceObject(Ljava/lang/Object;)Ljava/lang/Object; @ 4
Event: 3737.154 Thread 0x00007f85fdf48800 Uncommon trap: reason=class_check action=maybe_recompile pc=0x000000010cbf3458 method=java.lang.String.equals(Ljava/lang/Object;)Z @ 8
Event: 3737.154 Thread 0x00007f85fdf48800 Uncommon trap: reason=class_check action=maybe_recompile pc=0x000000010cbf3458 method=java.lang.String.equals(Ljava/lang/Object;)Z @ 8
Event: 3737.154 Thread 0x00007f85fdf48800 Uncommon trap: reason=class_check action=maybe_recompile pc=0x000000010cbf3458 method=java.lang.String.equals(Ljava/lang/Object;)Z @ 8
Event: 3737.154 Thread 0x00007f85fdf48800 Uncommon trap: reason=class_check action=maybe_recompile pc=0x000000010cbf3458 method=java.lang.String.equals(Ljava/lang/Object;)Z @ 8
Event: 3797.135 Thread 0x00007f85fbe9a800 Uncommon trap: reason=unstable_if action=reinterpret pc=0x000000010f7b239c method=java.util.concurrent.SynchronousQueue$TransferStack.casHead(Ljava/util/concurrent/SynchronousQueue$TransferStack$SNode;Ljava/util/concurrent/SynchronousQueue$TransferStack$S

Classes redefined (0 events):
No events

Internal exceptions (10 events):
Event: 3735.311 Thread 0x00007f85fdf48800 Exception <a 'sun/nio/fs/UnixException'> (0x00000007a92f70b0) thrown at [/Volumes/Android/buildbot/src/googleplex-android/openjdk/out/hotspot/src/share/vm/prims/jni.cpp, line 710]
Event: 3735.311 Thread 0x00007f85fdf48800 Exception <a 'sun/nio/fs/UnixException'> (0x00000007a92f8a58) thrown at [/Volumes/Android/buildbot/src/googleplex-android/openjdk/out/hotspot/src/share/vm/prims/jni.cpp, line 710]
Event: 3735.311 Thread 0x00007f85fdf48800 Exception <a 'sun/nio/fs/UnixException'> (0x00000007a92fb420) thrown at [/Volumes/Android/buildbot/src/googleplex-android/openjdk/out/hotspot/src/share/vm/prims/jni.cpp, line 710]
Event: 3735.311 Thread 0x00007f85fdf48800 Exception <a 'sun/nio/fs/UnixException'> (0x00000007a92fcdd0) thrown at [/Volumes/Android/buildbot/src/googleplex-android/openjdk/out/hotspot/src/share/vm/prims/jni.cpp, line 710]
Event: 3735.311 Thread 0x00007f85fdf48800 Exception <a 'sun/nio/fs/UnixException'> (0x00000007a92ff798) thrown at [/Volumes/Android/buildbot/src/googleplex-android/openjdk/out/hotspot/src/share/vm/prims/jni.cpp, line 710]
Event: 3735.311 Thread 0x00007f85fdf48800 Exception <a 'sun/nio/fs/UnixException'> (0x00000007a9301148) thrown at [/Volumes/Android/buildbot/src/googleplex-android/openjdk/out/hotspot/src/share/vm/prims/jni.cpp, line 710]
Event: 3735.382 Thread 0x00007f86028db800 Exception <a 'java/lang/InterruptedException'> (0x00000007a9482608) thrown at [/Volumes/Android/buildbot/src/googleplex-android/openjdk/out/hotspot/src/share/vm/runtime/objectMonitor.cpp, line 1680]
Event: 3737.075 Thread 0x00007f85fdf48800 Exception <a 'java/lang/reflect/InvocationTargetException'> (0x00000007a96dc9b0) thrown at [/Volumes/Android/buildbot/src/googleplex-android/openjdk/out/hotspot/src/share/vm/runtime/reflection.cpp, line 1092]
Event: 3737.081 Thread 0x00007f85ff6db000 Exception <a 'java/lang/NoSuchMethodError': <clinit>> (0x00000007a98dd2a0) thrown at [/Volumes/Android/buildbot/src/googleplex-android/openjdk/out/hotspot/src/share/vm/prims/jni.cpp, line 1615]
Event: 3737.081 Thread 0x00007f85ff6db000 Exception <a 'java/lang/NoSuchMethodError': <clinit>> (0x00000007a98e6808) thrown at [/Volumes/Android/buildbot/src/googleplex-android/openjdk/out/hotspot/src/share/vm/prims/jni.cpp, line 1615]

Events (10 events):
Event: 3914.738 Executing VM operation: RevokeBias done
Event: 3914.741 Thread 0x00007f8602aaf800 Thread added: 0x00007f8602aaf800
Event: 3914.820 Thread 0x00007f85fdf42800 Thread added: 0x00007f85fdf42800
Event: 3914.823 Thread 0x00007f860089e800 Thread added: 0x00007f860089e800
Event: 3914.825 Thread 0x00007f85fdc19800 Thread added: 0x00007f85fdc19800
Event: 3914.826 Thread 0x00007f85fdf2c000 Thread added: 0x00007f85fdf2c000
Event: 3914.836 Thread 0x00007f85fcbb4000 Thread added: 0x00007f85fcbb4000
Event: 3914.897 Thread 0x00007f85fbe9a800 Thread added: 0x00007f85fbe9a800
Event: 3914.911 Thread 0x00007f85fdd0c800 Thread added: 0x00007f85fdd0c800
Event: 3914.922 Thread 0x00007f86028bc800 Thread added: 0x00007f86028bc800


Dynamic libraries:
0x00007fff303b7000 	/System/Library/Frameworks/Cocoa.framework/Versions/A/Cocoa
0x00007fff3c17d000 	/System/Library/Frameworks/Security.framework/Versions/A/Security
0x00007fff2f049000 	/System/Library/Frameworks/ApplicationServices.framework/Versions/A/ApplicationServices
0x00007fff5c278000 	/usr/lib/libz.1.dylib
0x00007fff59bcf000 	/usr/lib/libSystem.B.dylib
0x00007fff30c2c000 	/System/Library/Frameworks/CoreFoundation.framework/Versions/A/CoreFoundation
0x00007fff32eb1000 	/System/Library/Frameworks/Foundation.framework/Versions/C/Foundation
0x00007fff5b408000 	/usr/lib/libobjc.A.dylib
0x00007fff2e242000 	/System/Library/Frameworks/AppKit.framework/Versions/C/AppKit
0x00007fff307b5000 	/System/Library/Frameworks/CoreData.framework/Versions/A/CoreData
0x00007fff53694000 	/System/Library/PrivateFrameworks/RemoteViewServices.framework/Versions/A/RemoteViewServices
0x00007fff5790b000 	/System/Library/PrivateFrameworks/UIFoundation.framework/Versions/A/UIFoundation
0x00007fff58ff0000 	/System/Library/PrivateFrameworks/XCTTargetBootstrap.framework/Versions/A/XCTTargetBootstrap
0x00007fff30b3b000 	/System/Library/Frameworks/CoreDisplay.framework/Versions/A/CoreDisplay
0x00007fff4e3cc000 	/System/Library/PrivateFrameworks/IconServices.framework/Versions/A/IconServices
0x00007fff357e6000 	/System/Library/Frameworks/Metal.framework/Versions/A/Metal
0x00007fff4590a000 	/System/Library/PrivateFrameworks/DesktopServicesPriv.framework/Versions/A/DesktopServicesPriv
0x00007fff5a76b000 	/usr/lib/libenergytrace.dylib
0x00007fff55df3000 	/System/Library/PrivateFrameworks/SkyLight.framework/Versions/A/SkyLight
0x00007fff31073000 	/System/Library/Frameworks/CoreGraphics.framework/Versions/A/CoreGraphics
0x00007fff2d00e000 	/System/Library/Frameworks/Accelerate.framework/Versions/A/Accelerate
0x00007fff335fa000 	/System/Library/Frameworks/IOSurface.framework/Versions/A/IOSurface
0x00007fff45776000 	/System/Library/PrivateFrameworks/DFRFoundation.framework/Versions/A/DFRFoundation
0x00007fff2f52c000 	/System/Library/Frameworks/AudioToolbox.framework/Versions/A/AudioToolbox
0x00007fff2f7a5000 	/System/Library/Frameworks/AudioUnit.framework/Versions/A/AudioUnit
0x00007fff4580b000 	/System/Library/PrivateFrameworks/DataDetectorsCore.framework/Versions/A/DataDetectorsCore
0x00007fff2feba000 	/System/Library/Frameworks/Carbon.framework/Versions/A/Frameworks/HIToolbox.framework/Versions/A/HIToolbox
0x00007fff5a8c4000 	/usr/lib/libicucore.A.dylib
0x00007fff3b6ee000 	/System/Library/Frameworks/QuartzCore.framework/Versions/A/QuartzCore
0x00007fff3028f000 	/System/Library/Frameworks/Carbon.framework/Versions/A/Frameworks/SpeechRecognition.framework/Versions/A/SpeechRecognition
0x00007fff59d23000 	/usr/lib/libauto.dylib
0x00007fff5c16b000 	/usr/lib/libxml2.2.dylib
0x00007fff45351000 	/System/Library/PrivateFrameworks/CoreUI.framework/Versions/A/CoreUI
0x00007fff306a0000 	/System/Library/Frameworks/CoreAudio.framework/Versions/A/CoreAudio
0x00007fff32ce5000 	/System/Library/Frameworks/DiskArbitration.framework/Versions/A/DiskArbitration
0x00007fff5ab72000 	/usr/lib/liblangid.dylib
0x00007fff4f7d8000 	/System/Library/PrivateFrameworks/MultitouchSupport.framework/Versions/A/MultitouchSupport
0x00007fff33569000 	/System/Library/Frameworks/IOKit.framework/Versions/A/IOKit
0x00007fff5978f000 	/usr/lib/libDiagnosticMessagesClient.dylib
0x00007fff31e83000 	/System/Library/Frameworks/CoreServices.framework/Versions/A/CoreServices
0x00007fff51493000 	/System/Library/PrivateFrameworks/PerformanceAnalysis.framework/Versions/A/PerformanceAnalysis
0x00007fff3a8d5000 	/System/Library/Frameworks/OpenGL.framework/Versions/A/OpenGL
0x00007fff303c5000 	/System/Library/Frameworks/ColorSync.framework/Versions/A/ColorSync
0x00007fff31705000 	/System/Library/Frameworks/CoreImage.framework/Versions/A/CoreImage
0x00007fff3285b000 	/System/Library/Frameworks/CoreText.framework/Versions/A/CoreText
0x00007fff3365d000 	/System/Library/Frameworks/ImageIO.framework/Versions/A/ImageIO
0x00007fff419a1000 	/System/Library/PrivateFrameworks/Backup.framework/Versions/A/Backup
0x00007fff59c76000 	/usr/lib/libarchive.2.dylib
0x00007fff2fafe000 	/System/Library/Frameworks/CFNetwork.framework/Versions/A/CFNetwork
0x00007fff3c8d9000 	/System/Library/Frameworks/SystemConfiguration.framework/Versions/A/SystemConfiguration
0x00007fff596c0000 	/usr/lib/libCRFSuite.dylib
0x00007fff59e14000 	/usr/lib/libc++.1.dylib
0x00007fff59e68000 	/usr/lib/libc++abi.dylib
0x00007fff5ca6e000 	/usr/lib/system/libcache.dylib
0x00007fff5ca73000 	/usr/lib/system/libcommonCrypto.dylib
0x00007fff5ca7e000 	/usr/lib/system/libcompiler_rt.dylib
0x00007fff5ca86000 	/usr/lib/system/libcopyfile.dylib
0x00007fff5ca90000 	/usr/lib/system/libcorecrypto.dylib
0x00007fff5cb9b000 	/usr/lib/system/libdispatch.dylib
0x00007fff5cbd5000 	/usr/lib/system/libdyld.dylib
0x00007fff5cc02000 	/usr/lib/system/libkeymgr.dylib
0x00007fff5cc10000 	/usr/lib/system/liblaunch.dylib
0x00007fff5cc11000 	/usr/lib/system/libmacho.dylib
0x00007fff5cc17000 	/usr/lib/system/libquarantine.dylib
0x00007fff5cc1a000 	/usr/lib/system/libremovefile.dylib
0x00007fff5cc1c000 	/usr/lib/system/libsystem_asl.dylib
0x00007fff5cc34000 	/usr/lib/system/libsystem_blocks.dylib
0x00007fff5cc35000 	/usr/lib/system/libsystem_c.dylib
0x00007fff5ccbd000 	/usr/lib/system/libsystem_configuration.dylib
0x00007fff5ccc1000 	/usr/lib/system/libsystem_coreservices.dylib
0x00007fff5ccc5000 	/usr/lib/system/libsystem_darwin.dylib
0x00007fff5cccc000 	/usr/lib/system/libsystem_dnssd.dylib
0x00007fff5ccd3000 	/usr/lib/system/libsystem_info.dylib
0x00007fff5cd48000 	/usr/lib/system/libsystem_m.dylib
0x00007fff5cd94000 	/usr/lib/system/libsystem_malloc.dylib
0x00007fff5cdbf000 	/usr/lib/system/libsystem_networkextension.dylib
0x00007fff5cdca000 	/usr/lib/system/libsystem_notify.dylib
0x00007fff5cde7000 	/usr/lib/system/libsystem_sandbox.dylib
0x00007fff5cdeb000 	/usr/lib/system/libsystem_secinit.dylib
0x00007fff5cd1f000 	/usr/lib/system/libsystem_kernel.dylib
0x00007fff5cdd2000 	/usr/lib/system/libsystem_platform.dylib
0x00007fff5cddc000 	/usr/lib/system/libsystem_pthread.dylib
0x00007fff5cdee000 	/usr/lib/system/libsystem_symptoms.dylib
0x00007fff5cdf6000 	/usr/lib/system/libsystem_trace.dylib
0x00007fff5ce0d000 	/usr/lib/system/libunwind.dylib
0x00007fff5ce13000 	/usr/lib/system/libxpc.dylib
0x00007fff59df5000 	/usr/lib/libbsm.0.dylib
0x00007fff5cc03000 	/usr/lib/system/libkxld.dylib
0x00007fff40d92000 	/System/Library/PrivateFrameworks/AppleFSCompression.framework/Versions/A/AppleFSCompression
0x00007fff59a8f000 	/usr/lib/libOpenScriptingUtil.dylib
0x00007fff5a11d000 	/usr/lib/libcoretls.dylib
0x00007fff5a134000 	/usr/lib/libcoretls_cfhelpers.dylib
0x00007fff5bb9f000 	/usr/lib/libpam.2.dylib
0x00007fff5bd5f000 	/usr/lib/libsqlite3.dylib
0x00007fff5c159000 	/usr/lib/libxar.1.dylib
0x00007fff59e06000 	/usr/lib/libbz2.1.0.dylib
0x00007fff5ab74000 	/usr/lib/liblzma.5.dylib
0x00007fff5b025000 	/usr/lib/libnetwork.dylib
0x00007fff59c5f000 	/usr/lib/libapple_nghttp2.dylib
0x00007fff5bba6000 	/usr/lib/libpcap.A.dylib
0x00007fff32222000 	/System/Library/Frameworks/CoreServices.framework/Versions/A/Frameworks/FSEvents.framework/Versions/A/FSEvents
0x00007fff31f01000 	/System/Library/Frameworks/CoreServices.framework/Versions/A/Frameworks/CarbonCore.framework/Versions/A/CarbonCore
0x00007fff323dd000 	/System/Library/Frameworks/CoreServices.framework/Versions/A/Frameworks/Metadata.framework/Versions/A/Metadata
0x00007fff3247c000 	/System/Library/Frameworks/CoreServices.framework/Versions/A/Frameworks/OSServices.framework/Versions/A/OSServices
0x00007fff324c7000 	/System/Library/Frameworks/CoreServices.framework/Versions/A/Frameworks/SearchKit.framework/Versions/A/SearchKit
0x00007fff31e84000 	/System/Library/Frameworks/CoreServices.framework/Versions/A/Frameworks/AE.framework/Versions/A/AE
0x00007fff3222b000 	/System/Library/Frameworks/CoreServices.framework/Versions/A/Frameworks/LaunchServices.framework/Versions/A/LaunchServices
0x00007fff321d9000 	/System/Library/Frameworks/CoreServices.framework/Versions/A/Frameworks/DictionaryServices.framework/Versions/A/DictionaryServices
0x00007fff3252f000 	/System/Library/Frameworks/CoreServices.framework/Versions/A/Frameworks/SharedFileList.framework/Versions/A/SharedFileList
0x00007fff368b0000 	/System/Library/Frameworks/NetFS.framework/Versions/A/NetFS
0x00007fff4fa3e000 	/System/Library/PrivateFrameworks/NetAuth.framework/Versions/A/NetAuth
0x00007fff593f4000 	/System/Library/PrivateFrameworks/login.framework/Versions/A/Frameworks/loginsupport.framework/Versions/A/loginsupport
0x00007fff57514000 	/System/Library/PrivateFrameworks/TCC.framework/Versions/A/TCC
0x00007fff449ae000 	/System/Library/PrivateFrameworks/CoreNLP.framework/Versions/A/CoreNLP
0x00007fff4f4d3000 	/System/Library/PrivateFrameworks/MetadataUtilities.framework/Versions/A/MetadataUtilities
0x00007fff5ac49000 	/usr/lib/libmecabra.dylib
0x00007fff2f04a000 	/System/Library/Frameworks/ApplicationServices.framework/Versions/A/Frameworks/ATS.framework/Versions/A/ATS
0x00007fff2f399000 	/System/Library/Frameworks/ApplicationServices.framework/Versions/A/Frameworks/ColorSyncLegacy.framework/Versions/A/ColorSyncLegacy
0x00007fff2f438000 	/System/Library/Frameworks/ApplicationServices.framework/Versions/A/Frameworks/HIServices.framework/Versions/A/HIServices
0x00007fff2f48b000 	/System/Library/Frameworks/ApplicationServices.framework/Versions/A/Frameworks/LangAnalysis.framework/Versions/A/LangAnalysis
0x00007fff2f49b000 	/System/Library/Frameworks/ApplicationServices.framework/Versions/A/Frameworks/PrintCore.framework/Versions/A/PrintCore
0x00007fff2f4e5000 	/System/Library/Frameworks/ApplicationServices.framework/Versions/A/Frameworks/QD.framework/Versions/A/QD
0x00007fff2f51f000 	/System/Library/Frameworks/ApplicationServices.framework/Versions/A/Frameworks/SpeechSynthesis.framework/Versions/A/SpeechSynthesis
0x00007fff59e90000 	/usr/lib/libcompression.dylib
0x00007fff35ab6000 	/System/Library/Frameworks/MetalPerformanceShaders.framework/Versions/A/MetalPerformanceShaders
0x00007fff2d026000 	/System/Library/Frameworks/Accelerate.framework/Versions/A/Frameworks/vImage.framework/Versions/A/vImage
0x00007fff2e0a0000 	/System/Library/Frameworks/Accelerate.framework/Versions/A/Frameworks/vecLib.framework/Versions/A/vecLib
0x00007fff2dfec000 	/System/Library/Frameworks/Accelerate.framework/Versions/A/Frameworks/vecLib.framework/Versions/A/libvMisc.dylib
0x00007fff2de04000 	/System/Library/Frameworks/Accelerate.framework/Versions/A/Frameworks/vecLib.framework/Versions/A/libvDSP.dylib
0x00007fff2d6c0000 	/System/Library/Frameworks/Accelerate.framework/Versions/A/Frameworks/vecLib.framework/Versions/A/libBLAS.dylib
0x00007fff2d9ad000 	/System/Library/Frameworks/Accelerate.framework/Versions/A/Frameworks/vecLib.framework/Versions/A/libLAPACK.dylib
0x00007fff2dd57000 	/System/Library/Frameworks/Accelerate.framework/Versions/A/Frameworks/vecLib.framework/Versions/A/libLinearAlgebra.dylib
0x00007fff2ddf0000 	/System/Library/Frameworks/Accelerate.framework/Versions/A/Frameworks/vecLib.framework/Versions/A/libSparseBLAS.dylib
0x00007fff2dd6d000 	/System/Library/Frameworks/Accelerate.framework/Versions/A/Frameworks/vecLib.framework/Versions/A/libQuadrature.dylib
0x00007fff2d93a000 	/System/Library/Frameworks/Accelerate.framework/Versions/A/Frameworks/vecLib.framework/Versions/A/libBNNS.dylib
0x00007fff2dd73000 	/System/Library/Frameworks/Accelerate.framework/Versions/A/Frameworks/vecLib.framework/Versions/A/libSparse.dylib
0x00007fff4bcfc000 	/System/Library/PrivateFrameworks/GPUWrangler.framework/Versions/A/GPUWrangler
0x00007fff4e001000 	/System/Library/PrivateFrameworks/IOAccelerator.framework/Versions/A/IOAccelerator
0x00007fff4e00c000 	/System/Library/PrivateFrameworks/IOPresentment.framework/Versions/A/IOPresentment
0x00007fff45786000 	/System/Library/PrivateFrameworks/DSExternalDisplay.framework/Versions/A/DSExternalDisplay
0x00007fff39d2c000 	/System/Library/Frameworks/OpenGL.framework/Versions/A/Libraries/libCoreFSCache.dylib
0x00007fff358aa000 	/System/Library/Frameworks/MetalPerformanceShaders.framework/Frameworks/MPSCore.framework/Versions/A/MPSCore
0x00007fff358ca000 	/System/Library/Frameworks/MetalPerformanceShaders.framework/Frameworks/MPSImage.framework/Versions/A/MPSImage
0x00007fff3596f000 	/System/Library/Frameworks/MetalPerformanceShaders.framework/Frameworks/MPSNeuralNetwork.framework/Versions/A/MPSNeuralNetwork
0x00007fff35947000 	/System/Library/Frameworks/MetalPerformanceShaders.framework/Frameworks/MPSMatrix.framework/Versions/A/MPSMatrix
0x00007fff35a9b000 	/System/Library/Frameworks/MetalPerformanceShaders.framework/Frameworks/MPSRayIntersector.framework/Versions/A/MPSRayIntersector
0x00007fff4f4fc000 	/System/Library/PrivateFrameworks/MetalTools.framework/Versions/A/MetalTools
0x00007fff4063c000 	/System/Library/PrivateFrameworks/AggregateDictionary.framework/Versions/A/AggregateDictionary
0x00007fff59a6f000 	/usr/lib/libMobileGestalt.dylib
0x00007fff329be000 	/System/Library/Frameworks/CoreVideo.framework/Versions/A/CoreVideo
0x00007fff4cb0d000 	/System/Library/PrivateFrameworks/GraphVisualizer.framework/Versions/A/GraphVisualizer
0x00007fff4698c000 	/System/Library/PrivateFrameworks/FaceCore.framework/Versions/A/FaceCore
0x00007fff3935a000 	/System/Library/Frameworks/OpenCL.framework/Versions/A/OpenCL
0x00007fff597c7000 	/usr/lib/libFosl_dynamic.dylib
0x00007fff502a9000 	/System/Library/PrivateFrameworks/OTSVG.framework/Versions/A/OTSVG
0x00007fff2f14e000 	/System/Library/Frameworks/ApplicationServices.framework/Versions/A/Frameworks/ATS.framework/Versions/A/Resources/libFontParser.dylib
0x00007fff2f266000 	/System/Library/Frameworks/ApplicationServices.framework/Versions/A/Frameworks/ATS.framework/Versions/A/Resources/libFontRegistry.dylib
0x00007fff338cc000 	/System/Library/Frameworks/ImageIO.framework/Versions/A/Resources/libJPEG.dylib
0x00007fff33bf1000 	/System/Library/Frameworks/ImageIO.framework/Versions/A/Resources/libTIFF.dylib
0x00007fff33bc7000 	/System/Library/Frameworks/ImageIO.framework/Versions/A/Resources/libPng.dylib
0x00007fff337ea000 	/System/Library/Frameworks/ImageIO.framework/Versions/A/Resources/libGIF.dylib
0x00007fff337ef000 	/System/Library/Frameworks/ImageIO.framework/Versions/A/Resources/libJP2.dylib
0x00007fff33bee000 	/System/Library/Frameworks/ImageIO.framework/Versions/A/Resources/libRadiance.dylib
0x00007fff40ee9000 	/System/Library/PrivateFrameworks/AppleJPEG.framework/Versions/A/AppleJPEG
0x00007fff39d37000 	/System/Library/Frameworks/OpenGL.framework/Versions/A/Libraries/libGFXShared.dylib
0x00007fff39efa000 	/System/Library/Frameworks/OpenGL.framework/Versions/A/Libraries/libGLU.dylib
0x00007fff39d40000 	/System/Library/Frameworks/OpenGL.framework/Versions/A/Libraries/libGL.dylib
0x00007fff39d4c000 	/System/Library/Frameworks/OpenGL.framework/Versions/A/Libraries/libGLImage.dylib
0x00007fff39d29000 	/System/Library/Frameworks/OpenGL.framework/Versions/A/Libraries/libCVMSPluginSupport.dylib
0x00007fff39d32000 	/System/Library/Frameworks/OpenGL.framework/Versions/A/Libraries/libCoreVMClient.dylib
0x00007fff5a5e1000 	/usr/lib/libcups.2.dylib
0x00007fff34db1000 	/System/Library/Frameworks/Kerberos.framework/Versions/A/Kerberos
0x00007fff332cd000 	/System/Library/Frameworks/GSS.framework/Versions/A/GSS
0x00007fff5bcf4000 	/usr/lib/libresolv.9.dylib
0x00007fff5a7d3000 	/usr/lib/libiconv.2.dylib
0x00007fff4cc82000 	/System/Library/PrivateFrameworks/Heimdal.framework/Versions/A/Heimdal
0x00007fff5a7a3000 	/usr/lib/libheimdal-asn1.dylib
0x00007fff393ce000 	/System/Library/Frameworks/OpenDirectory.framework/Versions/A/OpenDirectory
0x00007fff43711000 	/System/Library/PrivateFrameworks/CommonAuth.framework/Versions/A/CommonAuth
0x00007fff393b2000 	/System/Library/Frameworks/OpenDirectory.framework/Versions/A/Frameworks/CFOpenDirectory.framework/Versions/A/CFOpenDirectory
0x00007fff3c47e000 	/System/Library/Frameworks/SecurityFoundation.framework/Versions/A/SecurityFoundation
0x00007fff3fb82000 	/System/Library/PrivateFrameworks/APFS.framework/Versions/A/APFS
0x00007fff5c155000 	/usr/lib/libutil.dylib
0x00007fff59e7e000 	/usr/lib/libcharset.1.dylib
0x00007fff41186000 	/System/Library/PrivateFrameworks/AppleSauce.framework/Versions/A/AppleSauce
0x00007fff41307000 	/System/Library/PrivateFrameworks/AssertionServices.framework/Versions/A/AssertionServices
0x00007fff41a37000 	/System/Library/PrivateFrameworks/BaseBoard.framework/Versions/A/BaseBoard
0x00007fff5aba4000 	/usr/lib/libmecab.1.0.0.dylib
0x00007fff5a79d000 	/usr/lib/libgermantok.dylib
0x00007fff59c4c000 	/usr/lib/libThaiTokenizer.dylib
0x00007fff596f7000 	/usr/lib/libChineseTokenizer.dylib
0x00007fff4e6b9000 	/System/Library/PrivateFrameworks/LanguageModeling.framework/Versions/A/LanguageModeling
0x00007fff443f3000 	/System/Library/PrivateFrameworks/CoreEmoji.framework/Versions/A/CoreEmoji
0x00007fff4e795000 	/System/Library/PrivateFrameworks/Lexicon.framework/Versions/A/Lexicon
0x00007fff4e7d8000 	/System/Library/PrivateFrameworks/LinguisticData.framework/Versions/A/LinguisticData
0x00007fff59e7f000 	/usr/lib/libcmph.dylib
0x00007fff3c53c000 	/System/Library/Frameworks/ServiceManagement.framework/Versions/A/ServiceManagement
0x00007fff41998000 	/System/Library/PrivateFrameworks/BackgroundTaskManagement.framework/Versions/A/BackgroundTaskManagement
0x00007fff5c24f000 	/usr/lib/libxslt.1.dylib
0x00007fff301bc000 	/System/Library/Frameworks/Carbon.framework/Versions/A/Frameworks/Ink.framework/Versions/A/Ink
0x00007fff57786000 	/System/Library/PrivateFrameworks/TextureIO.framework/Versions/A/TextureIO
0x00007fff59ca0000 	/usr/lib/libate.dylib
0x00007fff456d5000 	/System/Library/PrivateFrameworks/CrashReporterSupport.framework/Versions/A/CrashReporterSupport
0x00007fff54ec0000 	/System/Library/PrivateFrameworks/Sharing.framework/Versions/A/Sharing
0x00007fff416ea000 	/System/Library/PrivateFrameworks/AuthKit.framework/Versions/A/AuthKit
0x00007fff40c3e000 	/System/Library/PrivateFrameworks/Apple80211.framework/Versions/A/Apple80211
0x00007fff4547d000 	/System/Library/PrivateFrameworks/CoreUtils.framework/Versions/A/CoreUtils
0x00007fff329ff000 	/System/Library/Frameworks/CoreWLAN.framework/Versions/A/CoreWLAN
0x00007fff333fc000 	/System/Library/Frameworks/IOBluetooth.framework/Versions/A/IOBluetooth
0x00007fff53334000 	/System/Library/PrivateFrameworks/ProtocolBuffer.framework/Versions/A/ProtocolBuffer
0x00007fff4f734000 	/System/Library/PrivateFrameworks/MobileKeyBag.framework/Versions/A/MobileKeyBag
0x00007fff44cc1000 	/System/Library/PrivateFrameworks/CorePhoneNumbers.framework/Versions/A/CorePhoneNumbers
0x00007fff40e9d000 	/System/Library/PrivateFrameworks/AppleIDAuthSupport.framework/Versions/A/AppleIDAuthSupport
0x00007fff4e68c000 	/System/Library/PrivateFrameworks/KeychainCircle.framework/Versions/A/KeychainCircle
0x00007fff534ea000 	/System/Library/PrivateFrameworks/ROCKit.framework/Versions/A/ROCKit
0x00007fff45671000 	/System/Library/PrivateFrameworks/CoreWiFi.framework/Versions/A/CoreWiFi
0x00007fff3078a000 	/System/Library/Frameworks/CoreBluetooth.framework/Versions/A/CoreBluetooth
0x00007fff458cc000 	/System/Library/PrivateFrameworks/DebugSymbols.framework/Versions/A/DebugSymbols
0x00007fff4523d000 	/System/Library/PrivateFrameworks/CoreSymbolication.framework/Versions/A/CoreSymbolication
0x00007fff56fa3000 	/System/Library/PrivateFrameworks/Symbolication.framework/Versions/A/Symbolication
0x00007fff56846000 	/System/Library/PrivateFrameworks/SpeechRecognitionCore.framework/Versions/A/SpeechRecognitionCore
0x0000000109600000 	/Applications/Android Studio 2.app/Contents/jre/jdk/Contents/Home/jre/lib/server/libjvm.dylib
0x00007fff5c030000 	/usr/lib/libstdc++.6.dylib
0x0000000108cd1000 	/Applications/Android Studio 2.app/Contents/jre/jdk/Contents/Home/jre/lib/libverify.dylib
0x0000000108ce3000 	/Applications/Android Studio 2.app/Contents/jre/jdk/Contents/Home/jre/lib/libjava.dylib
0x0000000108d77000 	/Applications/Android Studio 2.app/Contents/jre/jdk/Contents/Home/jre/lib/libzip.dylib
0x000000010c937000 	/Applications/Android Studio 2.app/Contents/jre/jdk/Contents/Home/jre/lib/libnio.dylib
0x000000010c952000 	/Applications/Android Studio 2.app/Contents/jre/jdk/Contents/Home/jre/lib/./libnet.dylib
0x000000010c91b000 	/Users/ebrodriguezb/.gradle/native/f6784746aeab05261644944871eae4fe03e0ef1612fff0a4a95f87b438bc6780/osx-amd64/libnative-platform.dylib
0x000000011f695000 	/Applications/Android Studio 2.app/Contents/jre/jdk/Contents/Home/jre/lib/libmanagement.dylib
0x000000011ed24000 	/private/var/folders/lk/5hb1yy9j48q85vyvt0jgmw7w0000gp/T/native-platform8570461386178068266dir/libnative-platform.dylib

VM Arguments:
jvm_args: -Xmx1536m -Dfile.encoding=UTF-8 -Duser.country=MX -Duser.language=es -Duser.variant 
java_command: org.gradle.launcher.daemon.bootstrap.GradleDaemon 6.5
java_class_path (initial): /Users/ebrodriguezb/.gradle/wrapper/dists/gradle-6.5-all/2oz4ud9k3tuxjg84bbf55q0tn/gradle-6.5/lib/gradle-launcher-6.5.jar
Launcher Type: SUN_STANDARD

Environment Variables:
PATH=/usr/local/bin:/usr/bin:/bin:/usr/sbin:/sbin
SHELL=/bin/bash

Signal Handlers:
SIGSEGV: [libjvm.dylib+0x565c43], sa_mask[0]=11111111011111110111111111111111, sa_flags=SA_ONSTACK|SA_RESTART|SA_SIGINFO
SIGBUS: [libjvm.dylib+0x565c43], sa_mask[0]=11111111011111110111111111111111, sa_flags=SA_RESTART|SA_SIGINFO
SIGFPE: [libjvm.dylib+0x45dd9d], sa_mask[0]=11111111011111110111111111111111, sa_flags=SA_RESTART|SA_SIGINFO
SIGPIPE: [libjvm.dylib+0x45dd9d], sa_mask[0]=11111111011111110111111111111111, sa_flags=SA_RESTART|SA_SIGINFO
SIGXFSZ: [libjvm.dylib+0x45dd9d], sa_mask[0]=11111111011111110111111111111111, sa_flags=SA_RESTART|SA_SIGINFO
SIGILL: [libjvm.dylib+0x45dd9d], sa_mask[0]=11111111011111110111111111111111, sa_flags=SA_RESTART|SA_SIGINFO
SIGUSR1: SIG_DFL, sa_mask[0]=00000000000000000000000000000000, sa_flags=none
SIGUSR2: [libjvm.dylib+0x45e69c], sa_mask[0]=00100000000000000000000000000000, sa_flags=SA_RESTART|SA_SIGINFO
SIGHUP: [libjvm.dylib+0x45c8c1], sa_mask[0]=11111111011111110111111111111111, sa_flags=SA_RESTART|SA_SIGINFO
SIGINT: [libjvm.dylib+0x45c8c1], sa_mask[0]=11111111011111110111111111111111, sa_flags=SA_RESTART|SA_SIGINFO
SIGTERM: [libjvm.dylib+0x45c8c1], sa_mask[0]=11111111011111110111111111111111, sa_flags=SA_RESTART|SA_SIGINFO
SIGQUIT: [libjvm.dylib+0x45c8c1], sa_mask[0]=11111111011111110111111111111111, sa_flags=SA_RESTART|SA_SIGINFO


---------------  S Y S T E M  ---------------

OS:Bsduname:Darwin 18.7.0 Darwin Kernel Version 18.7.0: Tue Nov 10 00:07:31 PST 2020; root:xnu-4903.278.51~1/RELEASE_X86_64 x86_64
rlimit: STACK 8192k, CORE 0k, NPROC 709, NOFILE 10240, AS infinity
load average:2.43 2.44 2.39

CPU:total 4 (initial active 4) (4 cores per cpu, 1 threads per core) family 6 model 60 stepping 3, cmov, cx8, fxsr, mmx, sse, sse2, sse3, ssse3, sse4.1, sse4.2, popcnt, avx, avx2, aes, clmul, erms, lzcnt, tsc, tscinvbit, bmi1, bmi2

Memory: 4k page, physical 8388608k(43660k free)

/proc/meminfo:


vm_info: OpenJDK 64-Bit Server VM (25.242-b3-6915495) for bsd-amd64 JRE (1.8.0_242-release-1644-b3-6915495), built by "android-build" with gcc 4.2.1 Compatible Android (5484270 based on r353983c) Clang 9.0.3 (https://android.googlesource.com/toolchain/clang 745b335211bb9eadfa6aa6301f84715cee4b37c5) (https://android.googlesource.com/toolchain/llvm 60cf23e54e46c807513f7a36d0a7b777920b5881)

time: Mon Dec 21 11:59:37 2020
timezone: CST
elapsed time: 3915 seconds (0d 1h 5m 15s)

